# JRE version: Java(TM) SE Runtime Environment (8.0_92-b14) (build 1.8.0_92-b14)
# Java VM: Java HotSpot(TM) 64-Bit Server VM (25.92-b14 mixed mode windows-amd64 compressed oops)
Heap:
 PSYoungGen      total 98816K, used 58457K [0x00000000e0000000, 0x00000000e7800000, 0x0000000100000000)
  eden space 88576K, 58% used [0x00000000e0000000,0x00000000e32e95b0,0x00000000e5680000)
  from space 10240K, 61% used [0x00000000e5680000,0x00000000e5cad1f0,0x00000000e6080000)
  to   space 10752K, 0% used [0x00000000e6d80000,0x00000000e6d80000,0x00000000e7800000)
 ParOldGen       total 75264K, used 41952K [0x00000000a0000000, 0x00000000a4980000, 0x00000000e0000000)
  object space 75264K, 55% used [0x00000000a0000000,0x00000000a28f83a8,0x00000000a4980000)
 Metaspace       used 56035K, capacity 58220K, committed 58496K, reserved 1099776K
  class space    used 7694K, capacity 8231K, committed 8320K, reserved 1048576K
GC Heap History (10 events):
Event: 45.828 GC heap before
{Heap before GC invocations=29 (full 2):
 PSYoungGen      total 79872K, used 79851K [0x00000000e0000000, 0x00000000e5d00000, 0x0000000100000000)
  eden space 73216K, 100% used [0x00000000e0000000,0x00000000e4780000,0x00000000e4780000)
  from space 6656K, 99% used [0x00000000e5100000,0x00000000e577acc8,0x00000000e5780000)
  to   space 9728K, 0% used [0x00000000e4780000,0x00000000e4780000,0x00000000e5100000)
 ParOldGen       total 37888K, used 27065K [0x00000000a0000000, 0x00000000a2500000, 0x00000000e0000000)
  object space 37888K, 71% used [0x00000000a0000000,0x00000000a1a6e4e0,0x00000000a2500000)
 Metaspace       used 51309K, capacity 53222K, committed 53504K, reserved 1095680K
  class space    used 7143K, capacity 7600K, committed 7680K, reserved 1048576K
Event: 45.850 GC heap after
Heap after GC invocations=29 (full 2):
 PSYoungGen      total 82944K, used 9205K [0x00000000e0000000, 0x00000000e6b80000, 0x0000000100000000)
  eden space 73216K, 0% used [0x00000000e0000000,0x00000000e0000000,0x00000000e4780000)
  from space 9728K, 94% used [0x00000000e4780000,0x00000000e507d638,0x00000000e5100000)
  to   space 10752K, 0% used [0x00000000e6100000,0x00000000e6100000,0x00000000e6b80000)
 ParOldGen       total 37888K, used 32181K [0x00000000a0000000, 0x00000000a2500000, 0x00000000e0000000)
  object space 37888K, 84% used [0x00000000a0000000,0x00000000a1f6d500,0x00000000a2500000)
 Metaspace       used 51309K, capacity 53222K, committed 53504K, reserved 1095680K
  class space    used 7143K, capacity 7600K, committed 7680K, reserved 1048576K
}
Event: 46.459 GC heap before
{Heap before GC invocations=30 (full 2):
 PSYoungGen      total 82944K, used 56489K [0x00000000e0000000, 0x00000000e6b80000, 0x0000000100000000)
  eden space 73216K, 64% used [0x00000000e0000000,0x00000000e2e2cef0,0x00000000e4780000)
  from space 9728K, 94% used [0x00000000e4780000,0x00000000e507d638,0x00000000e5100000)
  to   space 10752K, 0% used [0x00000000e6100000,0x00000000e6100000,0x00000000e6b80000)
 ParOldGen       total 37888K, used 32181K [0x00000000a0000000, 0x00000000a2500000, 0x00000000e0000000)
  object space 37888K, 84% used [0x00000000a0000000,0x00000000a1f6d500,0x00000000a2500000)
 Metaspace       used 52359K, capacity 54486K, committed 54784K, reserved 1095680K
  class space    used 7302K, capacity 7834K, committed 7936K, reserved 1048576K
Event: 46.474 GC heap after
Heap after GC invocations=30 (full 2):
 PSYoungGen      total 98304K, used 3876K [0x00000000e0000000, 0x00000000e6a80000, 0x0000000100000000)
  eden space 88576K, 0% used [0x00000000e0000000,0x00000000e0000000,0x00000000e5680000)
  from space 9728K, 39% used [0x00000000e6100000,0x00000000e64c91c0,0x00000000e6a80000)
  to   space 10240K, 0% used [0x00000000e5680000,0x00000000e5680000,0x00000000e6080000)
 ParOldGen       total 40960K, used 40339K [0x00000000a0000000, 0x00000000a2800000, 0x00000000e0000000)
  object space 40960K, 98% used [0x00000000a0000000,0x00000000a2764ec8,0x00000000a2800000)
 Metaspace       used 52359K, capacity 54486K, committed 54784K, reserved 1095680K
  class space    used 7302K, capacity 7834K, committed 7936K, reserved 1048576K
}
Event: 46.474 GC heap before
{Heap before GC invocations=31 (full 3):
 PSYoungGen      total 98304K, used 3876K [0x00000000e0000000, 0x00000000e6a80000, 0x0000000100000000)
  eden space 88576K, 0% used [0x00000000e0000000,0x00000000e0000000,0x00000000e5680000)
  from space 9728K, 39% used [0x00000000e6100000,0x00000000e64c91c0,0x00000000e6a80000)
  to   space 10240K, 0% used [0x00000000e5680000,0x00000000e5680000,0x00000000e6080000)
 ParOldGen       total 40960K, used 40339K [0x00000000a0000000, 0x00000000a2800000, 0x00000000e0000000)
  object space 40960K, 98% used [0x00000000a0000000,0x00000000a2764ec8,0x00000000a2800000)
 Metaspace       used 52359K, capacity 54486K, committed 54784K, reserved 1095680K
  class space    used 7302K, capacity 7834K, committed 7936K, reserved 1048576K
Event: 46.751 GC heap after
Heap after GC invocations=31 (full 3):
 PSYoungGen      total 98304K, used 1251K [0x00000000e0000000, 0x00000000e6a80000, 0x0000000100000000)
  eden space 88576K, 0% used [0x00000000e0000000,0x00000000e0000000,0x00000000e5680000)
  from space 9728K, 12% used [0x00000000e6100000,0x00000000e6238ef0,0x00000000e6a80000)
  to   space 10240K, 0% used [0x00000000e5680000,0x00000000e5680000,0x00000000e6080000)
 ParOldGen       total 40960K, used 40450K [0x00000000a0000000, 0x00000000a2800000, 0x00000000e0000000)
  object space 40960K, 98% used [0x00000000a0000000,0x00000000a2780a80,0x00000000a2800000)
 Metaspace       used 52359K, capacity 54486K, committed 54784K, reserved 1095680K
  class space    used 7302K, capacity 7834K, committed 7936K, reserved 1048576K
}
Event: 57.105 GC heap before
{Heap before GC invocations=32 (full 4):
 PSYoungGen      total 98304K, used 89827K [0x00000000e0000000, 0x00000000e6a80000, 0x0000000100000000)
  eden space 88576K, 100% used [0x00000000e0000000,0x00000000e5680000,0x00000000e5680000)
  from space 9728K, 12% used [0x00000000e6100000,0x00000000e6238ef0,0x00000000e6a80000)
  to   space 10240K, 0% used [0x00000000e5680000,0x00000000e5680000,0x00000000e6080000)
 ParOldGen       total 40960K, used 40450K [0x00000000a0000000, 0x00000000a2800000, 0x00000000e0000000)
  object space 40960K, 98% used [0x00000000a0000000,0x00000000a2780a80,0x00000000a2800000)
 Metaspace       used 52722K, capacity 54926K, committed 55040K, reserved 1095680K
  class space    used 7324K, capacity 7858K, committed 7936K, reserved 1048576K
Event: 57.428 GC heap after
Heap after GC invocations=32 (full 4):
 PSYoungGen      total 98304K, used 2934K [0x00000000e0000000, 0x00000000e6a80000, 0x0000000100000000)
  eden space 88576K, 3% used [0x00000000e0000000,0x00000000e02dd8c0,0x00000000e5680000)
  from space 9728K, 0% used [0x00000000e6100000,0x00000000e6100000,0x00000000e6a80000)
  to   space 10240K, 0% used [0x00000000e5680000,0x00000000e5680000,0x00000000e6080000)
 ParOldGen       total 75264K, used 40952K [0x00000000a0000000, 0x00000000a4980000, 0x00000000e0000000)
  object space 75264K, 54% used [0x00000000a0000000,0x00000000a27fe3a8,0x00000000a4980000)
 Metaspace       used 52722K, capacity 54926K, committed 55040K, reserved 1095680K
  class space    used 7324K, capacity 7858K, committed 7936K, reserved 1048576K
}
Event: 61.231 GC heap before
{Heap before GC invocations=33 (full 4):
 PSYoungGen      total 98304K, used 88576K [0x00000000e0000000, 0x00000000e6a80000, 0x0000000100000000)
  eden space 88576K, 100% used [0x00000000e0000000,0x00000000e5680000,0x00000000e5680000)
  from space 9728K, 0% used [0x00000000e6100000,0x00000000e6100000,0x00000000e6a80000)
  to   space 10240K, 0% used [0x00000000e5680000,0x00000000e5680000,0x00000000e6080000)
 ParOldGen       total 75264K, used 40952K [0x00000000a0000000, 0x00000000a4980000, 0x00000000e0000000)
  object space 75264K, 54% used [0x00000000a0000000,0x00000000a27fe3a8,0x00000000a4980000)
 Metaspace       used 55195K, capacity 57346K, committed 57600K, reserved 1099776K
  class space    used 7608K, capacity 8132K, committed 8192K, reserved 1048576K
Event: 61.245 GC heap after
Heap after GC invocations=33 (full 4):
 PSYoungGen      total 98816K, used 6324K [0x00000000e0000000, 0x00000000e7800000, 0x0000000100000000)
  eden space 88576K, 0% used [0x00000000e0000000,0x00000000e0000000,0x00000000e5680000)
  from space 10240K, 61% used [0x00000000e5680000,0x00000000e5cad1f0,0x00000000e6080000)
  to   space 10752K, 0% used [0x00000000e6d80000,0x00000000e6d80000,0x00000000e7800000)
 ParOldGen       total 75264K, used 41952K [0x00000000a0000000, 0x00000000a4980000, 0x00000000e0000000)
  object space 75264K, 55% used [0x00000000a0000000,0x00000000a28f83a8,0x00000000a4980000)
 Metaspace       used 55195K, capacity 57346K, committed 57600K, reserved 1099776K
  class space    used 7608K, capacity 8132K, committed 8192K, reserved 1048576K
}

