# JRE version: Java(TM) SE Runtime Environment (8.0_92-b14) (build 1.8.0_92-b14)
# Java VM: Java HotSpot(TM) 64-Bit Server VM (25.92-b14 mixed mode windows-amd64 compressed oops)
Heap:
 PSYoungGen      total 97280K, used 57685K [0x00000000e0000000, 0x00000000e6900000, 0x0000000100000000)
  eden space 88576K, 65% used [0x00000000e0000000,0x00000000e3855560,0x00000000e5680000)
  from space 8704K, 0% used [0x00000000e5e80000,0x00000000e5e80000,0x00000000e6700000)
  to   space 8192K, 0% used [0x00000000e5680000,0x00000000e5680000,0x00000000e5e80000)
 ParOldGen       total 53760K, used 14772K [0x00000000a0000000, 0x00000000a3480000, 0x00000000e0000000)
  object space 53760K, 27% used [0x00000000a0000000,0x00000000a0e6d300,0x00000000a3480000)
 Metaspace       used 37411K, capacity 38038K, committed 38400K, reserved 1083392K
  class space    used 5154K, capacity 5315K, committed 5376K, reserved 1048576K
GC Heap History (10 events):
Event: 3.384 GC heap before
{Heap before GC invocations=10 (full 1):
 PSYoungGen      total 55808K, used 55478K [0x00000000e0000000, 0x00000000e4c00000, 0x0000000100000000)
  eden space 51200K, 100% used [0x00000000e0000000,0x00000000e3200000,0x00000000e3200000)
  from space 4608K, 92% used [0x00000000e4780000,0x00000000e4bada20,0x00000000e4c00000)
  to   space 7168K, 0% used [0x00000000e3e00000,0x00000000e3e00000,0x00000000e4500000)
 ParOldGen       total 36352K, used 8610K [0x00000000a0000000, 0x00000000a2380000, 0x00000000e0000000)
  object space 36352K, 23% used [0x00000000a0000000,0x00000000a0868a10,0x00000000a2380000)
 Metaspace       used 27839K, capacity 28406K, committed 28672K, reserved 1073152K
  class space    used 3935K, capacity 4091K, committed 4096K, reserved 1048576K
Event: 3.390 GC heap after
Heap after GC invocations=10 (full 1):
 PSYoungGen      total 70656K, used 6868K [0x00000000e0000000, 0x00000000e5280000, 0x0000000100000000)
  eden space 63488K, 0% used [0x00000000e0000000,0x00000000e0000000,0x00000000e3e00000)
  from space 7168K, 95% used [0x00000000e3e00000,0x00000000e44b5168,0x00000000e4500000)
  to   space 8192K, 0% used [0x00000000e4a80000,0x00000000e4a80000,0x00000000e5280000)
 ParOldGen       total 36352K, used 8690K [0x00000000a0000000, 0x00000000a2380000, 0x00000000e0000000)
  object space 36352K, 23% used [0x00000000a0000000,0x00000000a087ca38,0x00000000a2380000)
 Metaspace       used 27839K, capacity 28406K, committed 28672K, reserved 1073152K
  class space    used 3935K, capacity 4091K, committed 4096K, reserved 1048576K
}
Event: 4.308 GC heap before
{Heap before GC invocations=11 (full 1):
 PSYoungGen      total 70656K, used 70356K [0x00000000e0000000, 0x00000000e5280000, 0x0000000100000000)
  eden space 63488K, 100% used [0x00000000e0000000,0x00000000e3e00000,0x00000000e3e00000)
  from space 7168K, 95% used [0x00000000e3e00000,0x00000000e44b5168,0x00000000e4500000)
  to   space 8192K, 0% used [0x00000000e4a80000,0x00000000e4a80000,0x00000000e5280000)
 ParOldGen       total 36352K, used 8690K [0x00000000a0000000, 0x00000000a2380000, 0x00000000e0000000)
  object space 36352K, 23% used [0x00000000a0000000,0x00000000a087ca38,0x00000000a2380000)
 Metaspace       used 28465K, capacity 29038K, committed 29312K, reserved 1075200K
  class space    used 3952K, capacity 4127K, committed 4224K, reserved 1048576K
Event: 4.315 GC heap after
Heap after GC invocations=11 (full 1):
 PSYoungGen      total 76288K, used 2656K [0x00000000e0000000, 0x00000000e6180000, 0x0000000100000000)
  eden space 68096K, 0% used [0x00000000e0000000,0x00000000e0000000,0x00000000e4280000)
  from space 8192K, 32% used [0x00000000e4a80000,0x00000000e4d18000,0x00000000e5280000)
  to   space 8192K, 0% used [0x00000000e4280000,0x00000000e4280000,0x00000000e4a80000)
 ParOldGen       total 36352K, used 10698K [0x00000000a0000000, 0x00000000a2380000, 0x00000000e0000000)
  object space 36352K, 29% used [0x00000000a0000000,0x00000000a0a72a68,0x00000000a2380000)
 Metaspace       used 28465K, capacity 29038K, committed 29312K, reserved 1075200K
  class space    used 3952K, capacity 4127K, committed 4224K, reserved 1048576K
}
Event: 5.306 GC heap before
{Heap before GC invocations=12 (full 1):
 PSYoungGen      total 76288K, used 70752K [0x00000000e0000000, 0x00000000e6180000, 0x0000000100000000)
  eden space 68096K, 100% used [0x00000000e0000000,0x00000000e4280000,0x00000000e4280000)
  from space 8192K, 32% used [0x00000000e4a80000,0x00000000e4d18000,0x00000000e5280000)
  to   space 8192K, 0% used [0x00000000e4280000,0x00000000e4280000,0x00000000e4a80000)
 ParOldGen       total 36352K, used 10698K [0x00000000a0000000, 0x00000000a2380000, 0x00000000e0000000)
  object space 36352K, 29% used [0x00000000a0000000,0x00000000a0a72a68,0x00000000a2380000)
 Metaspace       used 33263K, capacity 33898K, committed 34304K, reserved 1079296K
  class space    used 4568K, capacity 4750K, committed 4864K, reserved 1048576K
Event: 5.315 GC heap after
Heap after GC invocations=12 (full 1):
 PSYoungGen      total 76288K, used 6950K [0x00000000e0000000, 0x00000000e6700000, 0x0000000100000000)
  eden space 68096K, 0% used [0x00000000e0000000,0x00000000e0000000,0x00000000e4280000)
  from space 8192K, 84% used [0x00000000e4280000,0x00000000e4949998,0x00000000e4a80000)
  to   space 8704K, 0% used [0x00000000e5e80000,0x00000000e5e80000,0x00000000e6700000)
 ParOldGen       total 36352K, used 11514K [0x00000000a0000000, 0x00000000a2380000, 0x00000000e0000000)
  object space 36352K, 31% used [0x00000000a0000000,0x00000000a0b3ea68,0x00000000a2380000)
 Metaspace       used 33263K, capacity 33898K, committed 34304K, reserved 1079296K
  class space    used 4568K, capacity 4750K, committed 4864K, reserved 1048576K
}
Event: 5.496 GC heap before
{Heap before GC invocations=13 (full 1):
 PSYoungGen      total 76288K, used 29651K [0x00000000e0000000, 0x00000000e6700000, 0x0000000100000000)
  eden space 68096K, 33% used [0x00000000e0000000,0x00000000e162b288,0x00000000e4280000)
  from space 8192K, 84% used [0x00000000e4280000,0x00000000e4949998,0x00000000e4a80000)
  to   space 8704K, 0% used [0x00000000e5e80000,0x00000000e5e80000,0x00000000e6700000)
 ParOldGen       total 36352K, used 11514K [0x00000000a0000000, 0x00000000a2380000, 0x00000000e0000000)
  object space 36352K, 31% used [0x00000000a0000000,0x00000000a0b3ea68,0x00000000a2380000)
 Metaspace       used 34632K, capacity 35182K, committed 35456K, reserved 1079296K
  class space    used 4748K, capacity 4916K, committed 4992K, reserved 1048576K
Event: 5.501 GC heap after
Heap after GC invocations=13 (full 1):
 PSYoungGen      total 97280K, used 4629K [0x00000000e0000000, 0x00000000e6900000, 0x0000000100000000)
  eden space 88576K, 0% used [0x00000000e0000000,0x00000000e0000000,0x00000000e5680000)
  from space 8704K, 53% used [0x00000000e5e80000,0x00000000e6305490,0x00000000e6700000)
  to   space 8192K, 0% used [0x00000000e5680000,0x00000000e5680000,0x00000000e5e80000)
 ParOldGen       total 36352K, used 11994K [0x00000000a0000000, 0x00000000a2380000, 0x00000000e0000000)
  object space 36352K, 32% used [0x00000000a0000000,0x00000000a0bb6a68,0x00000000a2380000)
 Metaspace       used 34632K, capacity 35182K, committed 35456K, reserved 1079296K
  class space    used 4748K, capacity 4916K, committed 4992K, reserved 1048576K
}
Event: 5.501 GC heap before
{Heap before GC invocations=14 (full 2):
 PSYoungGen      total 97280K, used 4629K [0x00000000e0000000, 0x00000000e6900000, 0x0000000100000000)
  eden space 88576K, 0% used [0x00000000e0000000,0x00000000e0000000,0x00000000e5680000)
  from space 8704K, 53% used [0x00000000e5e80000,0x00000000e6305490,0x00000000e6700000)
  to   space 8192K, 0% used [0x00000000e5680000,0x00000000e5680000,0x00000000e5e80000)
 ParOldGen       total 36352K, used 11994K [0x00000000a0000000, 0x00000000a2380000, 0x00000000e0000000)
  object space 36352K, 32% used [0x00000000a0000000,0x00000000a0bb6a68,0x00000000a2380000)
 Metaspace       used 34632K, capacity 35182K, committed 35456K, reserved 1079296K
  class space    used 4748K, capacity 4916K, committed 4992K, reserved 1048576K
Event: 5.551 GC heap after
Heap after GC invocations=14 (full 2):
 PSYoungGen      total 97280K, used 0K [0x00000000e0000000, 0x00000000e6900000, 0x0000000100000000)
  eden space 88576K, 0% used [0x00000000e0000000,0x00000000e0000000,0x00000000e5680000)
  from space 8704K, 0% used [0x00000000e5e80000,0x00000000e5e80000,0x00000000e6700000)
  to   space 8192K, 0% used [0x00000000e5680000,0x00000000e5680000,0x00000000e5e80000)
 ParOldGen       total 53760K, used 14772K [0x00000000a0000000, 0x00000000a3480000, 0x00000000e0000000)
  object space 53760K, 27% used [0x00000000a0000000,0x00000000a0e6d300,0x00000000a3480000)
 Metaspace       used 34632K, capacity 35182K, committed 35456K, reserved 1079296K
  class space    used 4748K, capacity 4916K, committed 4992K, reserved 1048576K
}

